src/app/api/stripe/webhook/route.ts(72,46): error TS2339: Property 'current_period_end' does not exist on type 'Subscription'.
src/app/api/stripe/webhook/route.ts(96,42): error TS2339: Property 'current_period_end' does not exist on type 'Subscription'.
src/lib/validation.ts(120,37): error TS2339: Property 'errors' does not exist on type 'ZodError<T>'.
